<?xml version="1.0" encoding="UTF-8"?>
<testng-results ignored="0" total="2" passed="2" failed="0" skipped="0">
  <reporter-output>
  </reporter-output>
  <suite started-at="2022-02-24T20:16:40 CET" name="Default suite" finished-at="2022-02-24T20:17:31 CET" duration-ms="51099">
    <groups>
    </groups>
    <test started-at="2022-02-24T20:16:40 CET" name="Default test" finished-at="2022-02-24T20:17:31 CET" duration-ms="51099">
      <class name="tests.CreateGalleryTest">
        <test-method is-config="true" signature="beforeClass()[pri:0, instance:tests.CreateGalleryTest@cd3fee8]" started-at="2022-02-24T20:16:40 CET" name="beforeClass" finished-at="2022-02-24T20:16:47 CET" duration-ms="6906" status="PASS">
          <reporter-output>
          </reporter-output>
        </test-method> <!-- beforeClass -->
        <test-method is-config="true" signature="beforeMethod()[pri:0, instance:tests.CreateGalleryTest@cd3fee8]" started-at="2022-02-24T20:16:47 CET" name="beforeMethod" finished-at="2022-02-24T20:17:03 CET" duration-ms="15858" status="PASS">
          <reporter-output>
          </reporter-output>
        </test-method> <!-- beforeMethod -->
        <test-method signature="createGalleryWithTwoImages()[pri:0, instance:tests.CreateGalleryTest@cd3fee8]" started-at="2022-02-24T20:17:03 CET" name="createGalleryWithTwoImages" finished-at="2022-02-24T20:17:17 CET" duration-ms="13464" status="PASS">
          <reporter-output>
          </reporter-output>
        </test-method> <!-- createGalleryWithTwoImages -->
        <test-method is-config="true" signature="beforeMethod()[pri:0, instance:tests.CreateGalleryTest@cd3fee8]" started-at="2022-02-24T20:17:17 CET" name="beforeMethod" finished-at="2022-02-24T20:17:20 CET" duration-ms="3480" status="PASS">
          <reporter-output>
          </reporter-output>
        </test-method> <!-- beforeMethod -->
        <test-method signature="createGalleryWithOneImage()[pri:1, instance:tests.CreateGalleryTest@cd3fee8]" started-at="2022-02-24T20:17:20 CET" name="createGalleryWithOneImage" finished-at="2022-02-24T20:17:31 CET" duration-ms="11064" status="PASS">
          <reporter-output>
          </reporter-output>
        </test-method> <!-- createGalleryWithOneImage -->
        <test-method is-config="true" signature="afterClass()[pri:0, instance:tests.CreateGalleryTest@cd3fee8]" started-at="2022-02-24T20:17:31 CET" name="afterClass" finished-at="2022-02-24T20:17:31 CET" duration-ms="257" status="PASS">
          <reporter-output>
          </reporter-output>
        </test-method> <!-- afterClass -->
      </class> <!-- tests.CreateGalleryTest -->
    </test> <!-- Default test -->
  </suite> <!-- Default suite -->
</testng-results>
